2020-09-08 09:05:30 make run_tests -C exec
make: Entering directory '/usr/src/perf_selftests-x86_64-rhel-7.6-kselftests-d012a7190fc1fd72ed48911e77ca97ba4521bccd/tools/testing/selftests/exec'
gcc -Wall -Wno-nonnull -D_GNU_SOURCE    execveat.c /usr/src/perf_selftests-x86_64-rhel-7.6-kselftests-d012a7190fc1fd72ed48911e77ca97ba4521bccd/tools/testing/selftests/kselftest_harness.h /usr/src/perf_selftests-x86_64-rhel-7.6-kselftests-d012a7190fc1fd72ed48911e77ca97ba4521bccd/tools/testing/selftests/kselftest.h  -o /usr/src/perf_selftests-x86_64-rhel-7.6-kselftests-d012a7190fc1fd72ed48911e77ca97ba4521bccd/tools/testing/selftests/exec/execveat
gcc -Wall -Wno-nonnull -D_GNU_SOURCE    recursion-depth.c /usr/src/perf_selftests-x86_64-rhel-7.6-kselftests-d012a7190fc1fd72ed48911e77ca97ba4521bccd/tools/testing/selftests/kselftest_harness.h /usr/src/perf_selftests-x86_64-rhel-7.6-kselftests-d012a7190fc1fd72ed48911e77ca97ba4521bccd/tools/testing/selftests/kselftest.h  -o /usr/src/perf_selftests-x86_64-rhel-7.6-kselftests-d012a7190fc1fd72ed48911e77ca97ba4521bccd/tools/testing/selftests/exec/recursion-depth
cd /usr/src/perf_selftests-x86_64-rhel-7.6-kselftests-d012a7190fc1fd72ed48911e77ca97ba4521bccd/tools/testing/selftests/exec && ln -s -f execveat execveat.symlink
cp /usr/src/perf_selftests-x86_64-rhel-7.6-kselftests-d012a7190fc1fd72ed48911e77ca97ba4521bccd/tools/testing/selftests/exec/execveat /usr/src/perf_selftests-x86_64-rhel-7.6-kselftests-d012a7190fc1fd72ed48911e77ca97ba4521bccd/tools/testing/selftests/exec/execveat.denatured
chmod -x /usr/src/perf_selftests-x86_64-rhel-7.6-kselftests-d012a7190fc1fd72ed48911e77ca97ba4521bccd/tools/testing/selftests/exec/execveat.denatured
echo '#!/bin/sh' > /usr/src/perf_selftests-x86_64-rhel-7.6-kselftests-d012a7190fc1fd72ed48911e77ca97ba4521bccd/tools/testing/selftests/exec/script
echo 'exit $*' >> /usr/src/perf_selftests-x86_64-rhel-7.6-kselftests-d012a7190fc1fd72ed48911e77ca97ba4521bccd/tools/testing/selftests/exec/script
chmod +x /usr/src/perf_selftests-x86_64-rhel-7.6-kselftests-d012a7190fc1fd72ed48911e77ca97ba4521bccd/tools/testing/selftests/exec/script
mkdir -p /usr/src/perf_selftests-x86_64-rhel-7.6-kselftests-d012a7190fc1fd72ed48911e77ca97ba4521bccd/tools/testing/selftests/exec/subdir
make: *** No rule to make target '/usr/src/perf_selftests-x86_64-rhel-7.6-kselftests-d012a7190fc1fd72ed48911e77ca97ba4521bccd/tools/testing/selftests/exec/pipe', needed by 'all'.  Stop.
make: Leaving directory '/usr/src/perf_selftests-x86_64-rhel-7.6-kselftests-d012a7190fc1fd72ed48911e77ca97ba4521bccd/tools/testing/selftests/exec'
2020-09-08 09:05:09 make run_tests -C clone3
make: Entering directory '/usr/src/perf_selftests-x86_64-rhel-7.6-kselftests-d012a7190fc1fd72ed48911e77ca97ba4521bccd/tools/testing/selftests/clone3'
gcc -g -I../../../../usr/include/    clone3.c /usr/src/perf_selftests-x86_64-rhel-7.6-kselftests-d012a7190fc1fd72ed48911e77ca97ba4521bccd/tools/testing/selftests/kselftest_harness.h /usr/src/perf_selftests-x86_64-rhel-7.6-kselftests-d012a7190fc1fd72ed48911e77ca97ba4521bccd/tools/testing/selftests/kselftest.h -lcap -o /usr/src/perf_selftests-x86_64-rhel-7.6-kselftests-d012a7190fc1fd72ed48911e77ca97ba4521bccd/tools/testing/selftests/clone3/clone3
gcc -g -I../../../../usr/include/    clone3_clear_sighand.c /usr/src/perf_selftests-x86_64-rhel-7.6-kselftests-d012a7190fc1fd72ed48911e77ca97ba4521bccd/tools/testing/selftests/kselftest_harness.h /usr/src/perf_selftests-x86_64-rhel-7.6-kselftests-d012a7190fc1fd72ed48911e77ca97ba4521bccd/tools/testing/selftests/kselftest.h -lcap -o /usr/src/perf_selftests-x86_64-rhel-7.6-kselftests-d012a7190fc1fd72ed48911e77ca97ba4521bccd/tools/testing/selftests/clone3/clone3_clear_sighand
gcc -g -I../../../../usr/include/    clone3_set_tid.c /usr/src/perf_selftests-x86_64-rhel-7.6-kselftests-d012a7190fc1fd72ed48911e77ca97ba4521bccd/tools/testing/selftests/kselftest_harness.h /usr/src/perf_selftests-x86_64-rhel-7.6-kselftests-d012a7190fc1fd72ed48911e77ca97ba4521bccd/tools/testing/selftests/kselftest.h -lcap -o /usr/src/perf_selftests-x86_64-rhel-7.6-kselftests-d012a7190fc1fd72ed48911e77ca97ba4521bccd/tools/testing/selftests/clone3/clone3_set_tid
gcc -g -I../../../../usr/include/    clone3_cap_checkpoint_restore.c /usr/src/perf_selftests-x86_64-rhel-7.6-kselftests-d012a7190fc1fd72ed48911e77ca97ba4521bccd/tools/testing/selftests/kselftest_harness.h /usr/src/perf_selftests-x86_64-rhel-7.6-kselftests-d012a7190fc1fd72ed48911e77ca97ba4521bccd/tools/testing/selftests/kselftest.h -lcap -o /usr/src/perf_selftests-x86_64-rhel-7.6-kselftests-d012a7190fc1fd72ed48911e77ca97ba4521bccd/tools/testing/selftests/clone3/clone3_cap_checkpoint_restore
clone3_cap_checkpoint_restore.c: In function ‘clone3_cap_checkpoint_restore’:
clone3_cap_checkpoint_restore.c:148:3: warning: implicit declaration of function ‘XFAIL’ [-Wimplicit-function-declaration]
   XFAIL(return, "Skipping all tests as non-root\n");
   ^~~~~
clone3_cap_checkpoint_restore.c:148:9: error: expected expression before ‘return’
   XFAIL(return, "Skipping all tests as non-root\n");
         ^~~~~~
make: *** [../lib.mk:140: /usr/src/perf_selftests-x86_64-rhel-7.6-kselftests-d012a7190fc1fd72ed48911e77ca97ba4521bccd/tools/testing/selftests/clone3/clone3_cap_checkpoint_restore] Error 1
make: Leaving directory '/usr/src/perf_selftests-x86_64-rhel-7.6-kselftests-d012a7190fc1fd72ed48911e77ca97ba4521bccd/tools/testing/selftests/clone3'
2020-09-08 09:05:10 make run_tests -C core
make: Entering directory '/usr/src/perf_selftests-x86_64-rhel-7.6-kselftests-d012a7190fc1fd72ed48911e77ca97ba4521bccd/tools/testing/selftests/core'
gcc -g -I../../../../usr/include/    close_range_test.c /usr/src/perf_selftests-x86_64-rhel-7.6-kselftests-d012a7190fc1fd72ed48911e77ca97ba4521bccd/tools/testing/selftests/kselftest_harness.h /usr/src/perf_selftests-x86_64-rhel-7.6-kselftests-d012a7190fc1fd72ed48911e77ca97ba4521bccd/tools/testing/selftests/kselftest.h  -o /usr/src/perf_selftests-x86_64-rhel-7.6-kselftests-d012a7190fc1fd72ed48911e77ca97ba4521bccd/tools/testing/selftests/core/close_range_test
close_range_test.c: In function ‘close_range’:
close_range_test.c:47:5: warning: implicit declaration of function ‘XFAIL’ [-Wimplicit-function-declaration]
     XFAIL(return, "Skipping test since /dev/null does not exist");
     ^~~~~
close_range_test.c:47:11: error: expected expression before ‘return’
     XFAIL(return, "Skipping test since /dev/null does not exist");
           ^~~~~~
close_range_test.c:55:10: error: expected expression before ‘return’
    XFAIL(return, "close_range() syscall not supported");
          ^~~~~~
close_range_test.c: In function ‘close_range_unshare’:
close_range_test.c:111:11: error: expected expression before ‘return’
     XFAIL(return, "Skipping test since /dev/null does not exist");
           ^~~~~~
close_range_test.c: In function ‘close_range_unshare_capped’:
close_range_test.c:200:11: error: expected expression before ‘return’
     XFAIL(return, "Skipping test since /dev/null does not exist");
           ^~~~~~
make: *** [../lib.mk:140: /usr/src/perf_selftests-x86_64-rhel-7.6-kselftests-d012a7190fc1fd72ed48911e77ca97ba4521bccd/tools/testing/selftests/core/close_range_test] Error 1
make: Leaving directory '/usr/src/perf_selftests-x86_64-rhel-7.6-kselftests-d012a7190fc1fd72ed48911e77ca97ba4521bccd/tools/testing/selftests/core'
