2020-09-08 09:05:09 make run_tests -C clone3
make: Entering directory '/usr/src/perf_selftests-x86_64-rhel-7.6-kselftests-d012a7190fc1fd72ed48911e77ca97ba4521bccd/tools/testing/selftests/clone3'
gcc -g -I../../../../usr/include/    clone3.c /usr/src/perf_selftests-x86_64-rhel-7.6-kselftests-d012a7190fc1fd72ed48911e77ca97ba4521bccd/tools/testing/selftests/kselftest_harness.h /usr/src/perf_selftests-x86_64-rhel-7.6-kselftests-d012a7190fc1fd72ed48911e77ca97ba4521bccd/tools/testing/selftests/kselftest.h -lcap -o /usr/src/perf_selftests-x86_64-rhel-7.6-kselftests-d012a7190fc1fd72ed48911e77ca97ba4521bccd/tools/testing/selftests/clone3/clone3
gcc -g -I../../../../usr/include/    clone3_clear_sighand.c /usr/src/perf_selftests-x86_64-rhel-7.6-kselftests-d012a7190fc1fd72ed48911e77ca97ba4521bccd/tools/testing/selftests/kselftest_harness.h /usr/src/perf_selftests-x86_64-rhel-7.6-kselftests-d012a7190fc1fd72ed48911e77ca97ba4521bccd/tools/testing/selftests/kselftest.h -lcap -o /usr/src/perf_selftests-x86_64-rhel-7.6-kselftests-d012a7190fc1fd72ed48911e77ca97ba4521bccd/tools/testing/selftests/clone3/clone3_clear_sighand
gcc -g -I../../../../usr/include/    clone3_set_tid.c /usr/src/perf_selftests-x86_64-rhel-7.6-kselftests-d012a7190fc1fd72ed48911e77ca97ba4521bccd/tools/testing/selftests/kselftest_harness.h /usr/src/perf_selftests-x86_64-rhel-7.6-kselftests-d012a7190fc1fd72ed48911e77ca97ba4521bccd/tools/testing/selftests/kselftest.h -lcap -o /usr/src/perf_selftests-x86_64-rhel-7.6-kselftests-d012a7190fc1fd72ed48911e77ca97ba4521bccd/tools/testing/selftests/clone3/clone3_set_tid
gcc -g -I../../../../usr/include/    clone3_cap_checkpoint_restore.c /usr/src/perf_selftests-x86_64-rhel-7.6-kselftests-d012a7190fc1fd72ed48911e77ca97ba4521bccd/tools/testing/selftests/kselftest_harness.h /usr/src/perf_selftests-x86_64-rhel-7.6-kselftests-d012a7190fc1fd72ed48911e77ca97ba4521bccd/tools/testing/selftests/kselftest.h -lcap -o /usr/src/perf_selftests-x86_64-rhel-7.6-kselftests-d012a7190fc1fd72ed48911e77ca97ba4521bccd/tools/testing/selftests/clone3/clone3_cap_checkpoint_restore
clone3_cap_checkpoint_restore.c: In function ‘clone3_cap_checkpoint_restore’:
clone3_cap_checkpoint_restore.c:148:3: warning: implicit declaration of function ‘XFAIL’ [-Wimplicit-function-declaration]
   XFAIL(return, "Skipping all tests as non-root\n");
   ^~~~~
clone3_cap_checkpoint_restore.c:148:9: error: expected expression before ‘return’
   XFAIL(return, "Skipping all tests as non-root\n");
         ^~~~~~
make: *** [../lib.mk:140: /usr/src/perf_selftests-x86_64-rhel-7.6-kselftests-d012a7190fc1fd72ed48911e77ca97ba4521bccd/tools/testing/selftests/clone3/clone3_cap_checkpoint_restore] Error 1
make: Leaving directory '/usr/src/perf_selftests-x86_64-rhel-7.6-kselftests-d012a7190fc1fd72ed48911e77ca97ba4521bccd/tools/testing/selftests/clone3'
