Makefile:76: recipe for target '/usr/src/perf_selftests-x86_64-rhel-8.3-kselftests-16ce1f1a7362b73d2d8c1e62264ec2b9ea2de65b/tools/testing/selftests/x86/test_map_shadow_stack_32' failed
make: *** [/usr/src/perf_selftests-x86_64-rhel-8.3-kselftests-16ce1f1a7362b73d2d8c1e62264ec2b9ea2de65b/tools/testing/selftests/x86/test_map_shadow_stack_32] Error 1
make: Leaving directory '/usr/src/perf_selftests-x86_64-rhel-8.3-kselftests-16ce1f1a7362b73d2d8c1e62264ec2b9ea2de65b/tools/testing/selftests/x86'
2021-12-20 14:41:45 make run_tests -C x86
make: Entering directory '/usr/src/perf_selftests-x86_64-rhel-8.3-kselftests-16ce1f1a7362b73d2d8c1e62264ec2b9ea2de65b/tools/testing/selftests/x86'
gcc -m32 -o /usr/src/perf_selftests-x86_64-rhel-8.3-kselftests-16ce1f1a7362b73d2d8c1e62264ec2b9ea2de65b/tools/testing/selftests/x86/test_map_shadow_stack_32 -O2 -g -std=gnu99 -pthread -Wall -no-pie -mshstk -fcf-protection -DCAN_BUILD_32 test_map_shadow_stack.c helpers.h -lrt -ldl -lm
Makefile:76: recipe for target '/usr/src/perf_selftests-x86_64-rhel-8.3-kselftests-16ce1f1a7362b73d2d8c1e62264ec2b9ea2de65b/tools/testing/selftests/x86/test_map_shadow_stack_32' failed
make: *** [/usr/src/perf_selftests-x86_64-rhel-8.3-kselftests-16ce1f1a7362b73d2d8c1e62264ec2b9ea2de65b/tools/testing/selftests/x86/test_map_shadow_stack_32] Error 1
make: Leaving directory '/usr/src/perf_selftests-x86_64-rhel-8.3-kselftests-16ce1f1a7362b73d2d8c1e62264ec2b9ea2de65b/tools/testing/selftests/x86'
